Unity Editor version:    2020.3.30f1 (1fb1bf06830e)
Branch:                  2020.3/staging
Build type:              Release
Batch mode:              YES
macOS version:           Version 12.1 (Build 21C52)
Darwin version:          21.2.0
Architecture:            x86_64
Running under Rosetta:   NO
Available memory:        8192 MB
Using pre-set license
Pro License: NO

COMMAND LINE ARGUMENTS:
/Applications/Unity/Unity.app/Contents/MacOS/Unity
-adb2
-batchMode
-noUpm
-name
AssetImportWorker0
-projectPath
/Users/andydiego13/Bam-Banimals-Adventure/Bam Banimals Adventure
-logFile
Logs/AssetImportWorker0.log
-srvPort
50028
Successfully changed project path to: /Users/andydiego13/Bam-Banimals-Adventure/Bam Banimals Adventure
/Users/andydiego13/Bam-Banimals-Adventure/Bam Banimals Adventure
Using Asset Import Pipeline V2.
Refreshing native plugins compatible for Editor in 99.24 ms, found 3 plugins.
Preloading 0 native plugins for Editor in 0.00 ms.
Initialize engine version: 2020.3.30f1 (1fb1bf06830e)
[Subsystems] Discovering subsystems at path /Applications/Unity/Unity.app/Contents/Resources/UnitySubsystems
[Subsystems] Discovering subsystems at path /Users/andydiego13/Bam-Banimals-Adventure/Bam Banimals Adventure/Assets
GfxDevice: creating device client; threaded=0
2022-03-25 13:46:02.166 Unity[1727:37415] Color LCD preferred device: Intel(R) Iris(TM) Graphics 6000 (low power)
2022-03-25 13:46:02.167 Unity[1727:37415] Metal devices available: 1
2022-03-25 13:46:02.167 Unity[1727:37415] 0: Intel(R) Iris(TM) Graphics 6000 (low power)
2022-03-25 13:46:02.167 Unity[1727:37415] Using device Intel(R) Iris(TM) Graphics 6000 (low power)
Initializing Metal device caps: Intel(R) Iris(TM) Graphics 6000
Initialize mono
Mono path[0] = '/Applications/Unity/Unity.app/Contents/Managed'
Mono path[1] = '/Applications/Unity/Unity.app/Contents/MonoBleedingEdge/lib/mono/unityjit'
Mono config path = '/Applications/Unity/Unity.app/Contents/MonoBleedingEdge/etc'
Using monoOptions --debugger-agent=transport=dt_socket,embedding=1,server=y,suspend=n,address=127.0.0.1:56727
Begin MonoManager ReloadAssembly
Registering precompiled unity dll's ...
Register platform support module: /Applications/Unity/PlaybackEngines/WebGLSupport/UnityEditor.WebGL.Extensions.dll
Register platform support module: /Applications/Unity/Unity.app/Contents/PlaybackEngines/MacStandaloneSupport/UnityEditor.OSXStandalone.Extensions.dll
Registered in 0.005006 seconds.
Native extension for OSXStandalone target not found
Native extension for WebGL target not found
Refreshing native plugins compatible for Editor in 64.42 ms, found 3 plugins.
Preloading 0 native plugins for Editor in 0.00 ms.
Mono: successfully reloaded assembly
- Completed reload, in  1.118 seconds
Domain Reload Profiling:
	ReloadAssembly (1118ms)
		BeginReloadAssembly (206ms)
			ExecutionOrderSort (0ms)
			DisableScriptedObjects (0ms)
			BackupInstance (0ms)
			ReleaseScriptingObjects (0ms)
			CreateAndSetChildDomain (1ms)
		EndReloadAssembly (794ms)
			LoadAssemblies (215ms)
			RebuildTransferFunctionScriptingTraits (0ms)
			SetupTypeCache (309ms)
			ReleaseScriptCaches (0ms)
			RebuildScriptCaches (59ms)
			SetupLoadedEditorAssemblies (288ms)
				LogAssemblyErrors (0ms)
				InitializePlatformSupportModulesInManaged (7ms)
				SetLoadedEditorAssemblies (0ms)
				RefreshPlugins (64ms)
				BeforeProcessingInitializeOnLoad (14ms)
				ProcessInitializeOnLoadAttributes (156ms)
				ProcessInitializeOnLoadMethodAttributes (46ms)
				AfterProcessingInitializeOnLoad (0ms)
				EditorAssembliesLoaded (0ms)
			ExecutionOrderSort2 (0ms)
			AwakeInstancesAfterBackupRestoration (0ms)
Platform modules already initialized, skipping
Registering precompiled user dll's ...
Registered in 0.012068 seconds.
Begin MonoManager ReloadAssembly
Native extension for OSXStandalone target not found
Native extension for WebGL target not found
Refreshing native plugins compatible for Editor in 64.13 ms, found 3 plugins.
Preloading 0 native plugins for Editor in 0.00 ms.
Mono: successfully reloaded assembly
- Completed reload, in  1.927 seconds
Domain Reload Profiling:
	ReloadAssembly (1929ms)
		BeginReloadAssembly (297ms)
			ExecutionOrderSort (0ms)
			DisableScriptedObjects (7ms)
			BackupInstance (0ms)
			ReleaseScriptingObjects (0ms)
			CreateAndSetChildDomain (34ms)
		EndReloadAssembly (1543ms)
			LoadAssemblies (299ms)
			RebuildTransferFunctionScriptingTraits (0ms)
			SetupTypeCache (495ms)
			ReleaseScriptCaches (1ms)
			RebuildScriptCaches (85ms)
			SetupLoadedEditorAssemblies (549ms)
				LogAssemblyErrors (0ms)
				InitializePlatformSupportModulesInManaged (7ms)
				SetLoadedEditorAssemblies (0ms)
				RefreshPlugins (64ms)
				BeforeProcessingInitializeOnLoad (91ms)
				ProcessInitializeOnLoadAttributes (352ms)
				ProcessInitializeOnLoadMethodAttributes (32ms)
				AfterProcessingInitializeOnLoad (2ms)
				EditorAssembliesLoaded (0ms)
			ExecutionOrderSort2 (0ms)
			AwakeInstancesAfterBackupRestoration (10ms)
Platform modules already initialized, skipping
Validating Project structure ... 0.003292 seconds.
Shader import version has changed; will reimport all shaders...
Upgrading shader files ...0.001593 seconds.
Application.AssetDatabase Initial Script Refresh Start
RefreshInfo: InitialScriptRefreshV2(NoUpdateAssetOptions) scanfilter:  ... 1 filters
RefreshProfiler: Total: 0.000ms
Application.AssetDatabase Initial Script Refresh End
Application.AssetDatabase.Refresh Start
Application.AssetDatabase.Refresh End
RefreshInfo: StopAssetImportingV2(ForceSynchronousImport) scanfilter: 
RefreshProfiler: Total: 0.000ms
Launching external process: /Applications/Unity/Unity.app/Contents/Tools/UnityShaderCompiler
Launched and connected shader compiler UnityShaderCompiler after 0.03 seconds
Initializing Unity extensions:
2022-03-25 13:46:10.562 Unity[1727:37415] NSEventModifierFlagFunction specified to -setKeyEquivalentModifierMask: for item <NSMenuItem: 0x6000003d1d50 Font Asset, ke='Command-F12'>, but is only supported for system-provided menu items; will not be used
2022-03-25 13:46:10.567 Unity[1727:37415] NSEventModifierFlagFunction specified to -setKeyEquivalentModifierMask: for item <NSMenuItem: 0x6000003bc9a0 Font Asset, ke='Command-F12'>, but is only supported for system-provided menu items; will not be used
========================================================================
Worker process is ready to serve import requests
Refreshing native plugins compatible for Editor in 0.53 ms, found 3 plugins.
Preloading 0 native plugins for Editor in 0.00 ms.
Unloading 2202 Unused Serialized files (Serialized files now loaded: 0)
System memory in use before: 210.3 MB.
System memory in use after: 209.4 MB.

Unloading 109 unused Assets to reduce memory usage. Loaded Objects now: 2671.
Total: 4.659613 ms (FindLiveObjects: 0.202608 ms CreateObjectMapping: 0.096237 ms MarkObjects: 3.662303 ms  DeleteObjects: 0.697274 ms)

AssetImportParameters requested are different than current active one (requested -> active):
  custom:video-decoder-ogg-theora: a1e56fd34408186e4bbccfd4996cb3dc -> 
  custom:container-muxer-webm: aa71ff27fc2769a1b78a27578f13a17b -> 
  custom:container-demuxer-webm: 4f35f7cbe854078d1ac9338744f61a02 -> 
  custom:container-demuxer-ogg: 62fdf1f143b41e24485cea50d1cbac27 -> 
  custom:video-encoder-webm-vp8: eb34c28f22e8b96e1ab97ce403110664 -> 
  custom:framework-osx-AVFoundation: e770b220cccbd017edd2c1fefb359320 -> 
  custom:video-decoder-webm-vp8: 9c59270c3fd7afecdb556c50c9e8de78 -> 
  custom:audio-decoder-ogg-vorbis: bf7c407c2cedff20999df2af8eb42d56 -> 
  custom:audio-encoder-webm-vorbis: bf7c407c2cedff20999df2af8eb42d56 -> 
========================================================================
Received Import Request.
  path: Assets/Sprites/1_Luhzio/Unity/Luhzio_Attack_.png
  artifactKey: Guid(753d97d93083b48de8b179fcb0fbd03c) Importer(815301076,1909f56bfc062723c751e8b465ee728b)
Start importing Assets/Sprites/1_Luhzio/Unity/Luhzio_Attack_.png using Guid(753d97d93083b48de8b179fcb0fbd03c) Importer(815301076,1909f56bfc062723c751e8b465ee728b)  -> (artifact id: '428b9c59d2c2b66821bd6ab1dd967120') in 1.464929 seconds 
========================================================================
Received Import Request.
  Time since last request: 0.000600 seconds.
  path: Assets/Sprites/1_Luhzio/Unity/Luhzio_Final.png
  artifactKey: Guid(b5c0c0b0c3ba54312a9b7d884fee61c6) Importer(815301076,1909f56bfc062723c751e8b465ee728b)
Start importing Assets/Sprites/1_Luhzio/Unity/Luhzio_Final.png using Guid(b5c0c0b0c3ba54312a9b7d884fee61c6) Importer(815301076,1909f56bfc062723c751e8b465ee728b)  -> (artifact id: '3de079018c200a7ec797ceeffb86dc1b') in 0.082482 seconds 
========================================================================
Received Import Request.
  Time since last request: 1432.536761 seconds.
  path: Assets/Sprites/2_Potatzio/Potatzio_Attack.png
  artifactKey: Guid(f1534627f6b2249349fac753ee2d12fc) Importer(815301076,1909f56bfc062723c751e8b465ee728b)
Start importing Assets/Sprites/2_Potatzio/Potatzio_Attack.png using Guid(f1534627f6b2249349fac753ee2d12fc) Importer(815301076,1909f56bfc062723c751e8b465ee728b)  -> (artifact id: '66a4d95074d102917c9b0570acefab9e') in 0.066857 seconds 
========================================================================
Received Import Request.
  Time since last request: 0.000636 seconds.
  path: Assets/Sprites/2_Potatzio/Potatzio_Final.png
  artifactKey: Guid(8ff7768167f3f4442ac058e216382b27) Importer(815301076,1909f56bfc062723c751e8b465ee728b)
Start importing Assets/Sprites/2_Potatzio/Potatzio_Final.png using Guid(8ff7768167f3f4442ac058e216382b27) Importer(815301076,1909f56bfc062723c751e8b465ee728b)  -> (artifact id: 'e66a63b260130e8f1d3b84e67198361d') in 0.049302 seconds 
========================================================================
Received Import Request.
  Time since last request: 0.000345 seconds.
  path: Assets/Sprites/2_Potatzio/Potatzio_Final_Virus.png
  artifactKey: Guid(4a8b8bacd84ac48a59121fb6d366442c) Importer(815301076,1909f56bfc062723c751e8b465ee728b)
Start importing Assets/Sprites/2_Potatzio/Potatzio_Final_Virus.png using Guid(4a8b8bacd84ac48a59121fb6d366442c) Importer(815301076,1909f56bfc062723c751e8b465ee728b)  -> (artifact id: '255c88b4ecb20a18e1a094ee6cdce0a3') in 0.050103 seconds 
========================================================================
Received Import Request.
  Time since last request: 1.586457 seconds.
  path: Assets/Sprites/2_Potatzio/Unity/Potatzio_Attack.png
  artifactKey: Guid(f956739efc6694cac99b501ee0bec394) Importer(815301076,1909f56bfc062723c751e8b465ee728b)
Start importing Assets/Sprites/2_Potatzio/Unity/Potatzio_Attack.png using Guid(f956739efc6694cac99b501ee0bec394) Importer(815301076,1909f56bfc062723c751e8b465ee728b)  -> (artifact id: 'b1798d0ffaefb75b12408183709a2ae4') in 0.037331 seconds 
========================================================================
Received Import Request.
  Time since last request: 0.000406 seconds.
  path: Assets/Sprites/2_Potatzio/Unity/Potatzio_Final.png
  artifactKey: Guid(0cfc49ae1415b4c58b10df7d5ccf233a) Importer(815301076,1909f56bfc062723c751e8b465ee728b)
Start importing Assets/Sprites/2_Potatzio/Unity/Potatzio_Final.png using Guid(0cfc49ae1415b4c58b10df7d5ccf233a) Importer(815301076,1909f56bfc062723c751e8b465ee728b)  -> (artifact id: 'b3eca336da34336565a87d7a2fcf6792') in 0.083907 seconds 
========================================================================
Received Import Request.
  Time since last request: 0.000396 seconds.
  path: Assets/Sprites/2_Potatzio/Unity/Potatzio_Final_Virus.png
  artifactKey: Guid(4c6aaea17e6104716b45cf929f13bd48) Importer(815301076,1909f56bfc062723c751e8b465ee728b)
Start importing Assets/Sprites/2_Potatzio/Unity/Potatzio_Final_Virus.png using Guid(4c6aaea17e6104716b45cf929f13bd48) Importer(815301076,1909f56bfc062723c751e8b465ee728b)  -> (artifact id: 'd4b4ee32033fa0b75c27fa3db811e902') in 0.099425 seconds 
