Unity Editor version:    2020.3.30f1 (1fb1bf06830e)
Branch:                  2020.3/staging
Build type:              Release
Batch mode:              YES
macOS version:           Version 12.1 (Build 21C52)
Darwin version:          21.2.0
Architecture:            x86_64
Running under Rosetta:   NO
Available memory:        8192 MB
Using pre-set license
Pro License: NO

COMMAND LINE ARGUMENTS:
/Applications/Unity/Unity.app/Contents/MacOS/Unity
-adb2
-batchMode
-noUpm
-name
AssetImportWorker0
-projectPath
/Users/andydiego13/Bam-Banimals-Adventure/Bam Banimals Adventure
-logFile
Logs/AssetImportWorker0.log
-srvPort
59477
Successfully changed project path to: /Users/andydiego13/Bam-Banimals-Adventure/Bam Banimals Adventure
/Users/andydiego13/Bam-Banimals-Adventure/Bam Banimals Adventure
Using Asset Import Pipeline V2.
Refreshing native plugins compatible for Editor in 91.76 ms, found 2 plugins.
Preloading 0 native plugins for Editor in 0.00 ms.
Initialize engine version: 2020.3.30f1 (1fb1bf06830e)
[Subsystems] Discovering subsystems at path /Applications/Unity/Unity.app/Contents/Resources/UnitySubsystems
[Subsystems] Discovering subsystems at path /Users/andydiego13/Bam-Banimals-Adventure/Bam Banimals Adventure/Assets
GfxDevice: creating device client; threaded=0
2022-04-19 11:45:11.497 Unity[9012:353883] Color LCD preferred device: Intel(R) Iris(TM) Graphics 6000 (low power)
2022-04-19 11:45:11.497 Unity[9012:353883] Metal devices available: 1
2022-04-19 11:45:11.497 Unity[9012:353883] 0: Intel(R) Iris(TM) Graphics 6000 (low power)
2022-04-19 11:45:11.498 Unity[9012:353883] Using device Intel(R) Iris(TM) Graphics 6000 (low power)
Initializing Metal device caps: Intel(R) Iris(TM) Graphics 6000
Initialize mono
Mono path[0] = '/Applications/Unity/Unity.app/Contents/Managed'
Mono path[1] = '/Applications/Unity/Unity.app/Contents/MonoBleedingEdge/lib/mono/unityjit'
Mono config path = '/Applications/Unity/Unity.app/Contents/MonoBleedingEdge/etc'
Using monoOptions --debugger-agent=transport=dt_socket,embedding=1,server=y,suspend=n,address=127.0.0.1:56012
Begin MonoManager ReloadAssembly
Registering precompiled unity dll's ...
Register platform support module: /Applications/Unity/PlaybackEngines/WebGLSupport/UnityEditor.WebGL.Extensions.dll
Register platform support module: /Applications/Unity/Unity.app/Contents/PlaybackEngines/MacStandaloneSupport/UnityEditor.OSXStandalone.Extensions.dll
Registered in 0.000947 seconds.
Native extension for OSXStandalone target not found
Native extension for WebGL target not found
Refreshing native plugins compatible for Editor in 82.58 ms, found 2 plugins.
Preloading 0 native plugins for Editor in 0.00 ms.
Mono: successfully reloaded assembly
- Completed reload, in  1.750 seconds
Domain Reload Profiling:
	ReloadAssembly (1750ms)
		BeginReloadAssembly (215ms)
			ExecutionOrderSort (0ms)
			DisableScriptedObjects (0ms)
			BackupInstance (0ms)
			ReleaseScriptingObjects (0ms)
			CreateAndSetChildDomain (1ms)
		EndReloadAssembly (1341ms)
			LoadAssemblies (225ms)
			RebuildTransferFunctionScriptingTraits (0ms)
			SetupTypeCache (332ms)
			ReleaseScriptCaches (0ms)
			RebuildScriptCaches (72ms)
			SetupLoadedEditorAssemblies (706ms)
				LogAssemblyErrors (0ms)
				InitializePlatformSupportModulesInManaged (10ms)
				SetLoadedEditorAssemblies (0ms)
				RefreshPlugins (83ms)
				BeforeProcessingInitializeOnLoad (25ms)
				ProcessInitializeOnLoadAttributes (464ms)
				ProcessInitializeOnLoadMethodAttributes (124ms)
				AfterProcessingInitializeOnLoad (0ms)
				EditorAssembliesLoaded (0ms)
			ExecutionOrderSort2 (0ms)
			AwakeInstancesAfterBackupRestoration (0ms)
Platform modules already initialized, skipping
Registering precompiled user dll's ...
Registered in 0.009782 seconds.
Begin MonoManager ReloadAssembly
Native extension for OSXStandalone target not found
Native extension for WebGL target not found
Refreshing native plugins compatible for Editor in 0.43 ms, found 2 plugins.
Preloading 0 native plugins for Editor in 0.00 ms.
Mono: successfully reloaded assembly
- Completed reload, in  2.248 seconds
Domain Reload Profiling:
	ReloadAssembly (2249ms)
		BeginReloadAssembly (305ms)
			ExecutionOrderSort (0ms)
			DisableScriptedObjects (10ms)
			BackupInstance (0ms)
			ReleaseScriptingObjects (0ms)
			CreateAndSetChildDomain (40ms)
		EndReloadAssembly (1784ms)
			LoadAssemblies (191ms)
			RebuildTransferFunctionScriptingTraits (0ms)
			SetupTypeCache (757ms)
			ReleaseScriptCaches (1ms)
			RebuildScriptCaches (102ms)
			SetupLoadedEditorAssemblies (554ms)
				LogAssemblyErrors (0ms)
				InitializePlatformSupportModulesInManaged (7ms)
				SetLoadedEditorAssemblies (1ms)
				RefreshPlugins (0ms)
				BeforeProcessingInitializeOnLoad (89ms)
				ProcessInitializeOnLoadAttributes (434ms)
				ProcessInitializeOnLoadMethodAttributes (18ms)
				AfterProcessingInitializeOnLoad (4ms)
				EditorAssembliesLoaded (0ms)
			ExecutionOrderSort2 (0ms)
			AwakeInstancesAfterBackupRestoration (16ms)
Platform modules already initialized, skipping
Validating Project structure ... 0.007094 seconds.
Shader import version has changed; will reimport all shaders...
Upgrading shader files ...0.006256 seconds.
Application.AssetDatabase Initial Script Refresh Start
RefreshInfo: InitialScriptRefreshV2(NoUpdateAssetOptions) scanfilter:  ... 1 filters
RefreshProfiler: Total: 0.000ms
Application.AssetDatabase Initial Script Refresh End
Application.AssetDatabase.Refresh Start
Application.AssetDatabase.Refresh End
RefreshInfo: StopAssetImportingV2(ForceSynchronousImport) scanfilter: 
RefreshProfiler: Total: 0.000ms
Launching external process: /Applications/Unity/Unity.app/Contents/Tools/UnityShaderCompiler
Launched and connected shader compiler UnityShaderCompiler after 0.03 seconds
Initializing Unity extensions:
2022-04-19 11:45:19.628 Unity[9012:353883] NSEventModifierFlagFunction specified to -setKeyEquivalentModifierMask: for item <NSMenuItem: 0x6000026a9ab0 Font Asset, ke='Command-F12'>, but is only supported for system-provided menu items; will not be used
2022-04-19 11:45:19.634 Unity[9012:353883] NSEventModifierFlagFunction specified to -setKeyEquivalentModifierMask: for item <NSMenuItem: 0x600002693db0 Font Asset, ke='Command-F12'>, but is only supported for system-provided menu items; will not be used
========================================================================
Worker process is ready to serve import requests
Refreshing native plugins compatible for Editor in 0.42 ms, found 2 plugins.
Preloading 0 native plugins for Editor in 0.00 ms.
Unloading 1753 Unused Serialized files (Serialized files now loaded: 0)
System memory in use before: 186.4 MB.
System memory in use after: 185.6 MB.

Unloading 124 unused Assets to reduce memory usage. Loaded Objects now: 2224.
Total: 4.795024 ms (FindLiveObjects: 0.231038 ms CreateObjectMapping: 0.147921 ms MarkObjects: 3.771312 ms  DeleteObjects: 0.643483 ms)

AssetImportParameters requested are different than current active one (requested -> active):
  custom:video-decoder-ogg-theora: a1e56fd34408186e4bbccfd4996cb3dc -> 
  custom:container-muxer-webm: aa71ff27fc2769a1b78a27578f13a17b -> 
  custom:container-demuxer-webm: 4f35f7cbe854078d1ac9338744f61a02 -> 
  custom:container-demuxer-ogg: 62fdf1f143b41e24485cea50d1cbac27 -> 
  custom:video-encoder-webm-vp8: eb34c28f22e8b96e1ab97ce403110664 -> 
  custom:framework-osx-AVFoundation: e770b220cccbd017edd2c1fefb359320 -> 
  custom:video-decoder-webm-vp8: 9c59270c3fd7afecdb556c50c9e8de78 -> 
  custom:audio-decoder-ogg-vorbis: bf7c407c2cedff20999df2af8eb42d56 -> 
  custom:audio-encoder-webm-vorbis: bf7c407c2cedff20999df2af8eb42d56 -> 
========================================================================
Received Import Request.
  path: Assets/Sprites/medio_dia_BAA/Medio_Dia-1.png
  artifactKey: Guid(1760fb3462d834351ba40754379dd209) Importer(815301076,1909f56bfc062723c751e8b465ee728b)
Start importing Assets/Sprites/medio_dia_BAA/Medio_Dia-1.png using Guid(1760fb3462d834351ba40754379dd209) Importer(815301076,1909f56bfc062723c751e8b465ee728b)  -> (artifact id: 'bcdba037d28e1b0bc92da3a6fff5ca1f') in 2.346488 seconds 
========================================================================
Received Import Request.
  Time since last request: 0.002339 seconds.
  path: Assets/Sprites/medio_dia_BAA/Medio_Dia-4.png
  artifactKey: Guid(9c60060c3855245e9ba1adac604c1d8c) Importer(815301076,1909f56bfc062723c751e8b465ee728b)
Start importing Assets/Sprites/medio_dia_BAA/Medio_Dia-4.png using Guid(9c60060c3855245e9ba1adac604c1d8c) Importer(815301076,1909f56bfc062723c751e8b465ee728b)  -> (artifact id: 'a6197e8d40a00032076cd288b9fff55e') in 0.096467 seconds 
========================================================================
Received Import Request.
  Time since last request: 0.000385 seconds.
  path: Assets/Sprites/medio_dia_BAA/Medio_Dia-2.png
  artifactKey: Guid(28f7315ce48104a5ab68a8f7aebd6cc8) Importer(815301076,1909f56bfc062723c751e8b465ee728b)
Start importing Assets/Sprites/medio_dia_BAA/Medio_Dia-2.png using Guid(28f7315ce48104a5ab68a8f7aebd6cc8) Importer(815301076,1909f56bfc062723c751e8b465ee728b)  -> (artifact id: '6bac31f88c2c3d3ec71034ea4a786f35') in 0.056050 seconds 
========================================================================
Received Import Request.
  Time since last request: 0.003907 seconds.
  path: Assets/Sprites/medio_dia_BAA/Medio_Dia-5.png
  artifactKey: Guid(21e8e62111a464240ae9f26c4ec17245) Importer(815301076,1909f56bfc062723c751e8b465ee728b)
Start importing Assets/Sprites/medio_dia_BAA/Medio_Dia-5.png using Guid(21e8e62111a464240ae9f26c4ec17245) Importer(815301076,1909f56bfc062723c751e8b465ee728b)  -> (artifact id: '769fe93d1260cd5c112241b5f2873a88') in 0.047159 seconds 
========================================================================
Received Import Request.
  Time since last request: 0.003998 seconds.
  path: Assets/Sprites/medio_dia_BAA/Medio_Dia-3.png
  artifactKey: Guid(8f11bf9516c804d6dbc6fc6078a8b5e3) Importer(815301076,1909f56bfc062723c751e8b465ee728b)
Start importing Assets/Sprites/medio_dia_BAA/Medio_Dia-3.png using Guid(8f11bf9516c804d6dbc6fc6078a8b5e3) Importer(815301076,1909f56bfc062723c751e8b465ee728b)  -> (artifact id: '531be3e0e6f67b7678e7397d8705ac6d') in 0.076456 seconds 
========================================================================
Received Import Request.
  Time since last request: 0.004139 seconds.
  path: Assets/Sprites/medio_dia_BAA
  artifactKey: Guid(f17cc2d787a7540b19478e8b32f42937) Importer(815301076,1909f56bfc062723c751e8b465ee728b)
Start importing Assets/Sprites/medio_dia_BAA using Guid(f17cc2d787a7540b19478e8b32f42937) Importer(815301076,1909f56bfc062723c751e8b465ee728b)  -> (artifact id: '78eaeb79b6f8c08058b7003bfb21100b') in 0.003904 seconds 
========================================================================
Received Import Request.
  Time since last request: 0.000425 seconds.
  path: Assets/Sprites/medio_dia_BAA/Medio_Dia-7.png
  artifactKey: Guid(3d3cf0d5732dc4c19af06a37182220c6) Importer(815301076,1909f56bfc062723c751e8b465ee728b)
Start importing Assets/Sprites/medio_dia_BAA/Medio_Dia-7.png using Guid(3d3cf0d5732dc4c19af06a37182220c6) Importer(815301076,1909f56bfc062723c751e8b465ee728b)  -> (artifact id: '4665c0f9b47ec85ef73f3d803d909bed') in 0.033036 seconds 
========================================================================
Received Import Request.
  Time since last request: 0.000588 seconds.
  path: Assets/Sprites/medio_dia_BAA/Medio_Dia-8.png
  artifactKey: Guid(58c4bac890e65493daa9e12b1fbdf649) Importer(815301076,1909f56bfc062723c751e8b465ee728b)
Start importing Assets/Sprites/medio_dia_BAA/Medio_Dia-8.png using Guid(58c4bac890e65493daa9e12b1fbdf649) Importer(815301076,1909f56bfc062723c751e8b465ee728b)  -> (artifact id: '90f49f8aa02bcc7fcda5c2133eff710a') in 0.038163 seconds 
========================================================================
Received Import Request.
  Time since last request: 0.000465 seconds.
  path: Assets/Sprites/medio_dia_BAA/Medio_Dia-6.png
  artifactKey: Guid(88949b9d1a4ce4ba58fb455c6e608b51) Importer(815301076,1909f56bfc062723c751e8b465ee728b)
Start importing Assets/Sprites/medio_dia_BAA/Medio_Dia-6.png using Guid(88949b9d1a4ce4ba58fb455c6e608b51) Importer(815301076,1909f56bfc062723c751e8b465ee728b)  -> (artifact id: '2021e5144723e0fd897f4c0f2cb3a71a') in 0.047563 seconds 
========================================================================
Received Import Request.
  Time since last request: 470.559338 seconds.
  path: Assets/Sprites/3_Maparillo/Maparillo_Attack.png
  artifactKey: Guid(20df4e0f164294c9a951e56aa4664cda) Importer(815301076,1909f56bfc062723c751e8b465ee728b)
Start importing Assets/Sprites/3_Maparillo/Maparillo_Attack.png using Guid(20df4e0f164294c9a951e56aa4664cda) Importer(815301076,1909f56bfc062723c751e8b465ee728b)  -> (artifact id: 'fc107e2ad21335913cce3326a3c1f3c6') in 0.039033 seconds 
========================================================================
Received Import Request.
  Time since last request: 0.000392 seconds.
  path: Assets/Sprites/3_Maparillo/Maparillo_Final.png
  artifactKey: Guid(7122a61ad439d48cbb529f2bb829fcba) Importer(815301076,1909f56bfc062723c751e8b465ee728b)
Start importing Assets/Sprites/3_Maparillo/Maparillo_Final.png using Guid(7122a61ad439d48cbb529f2bb829fcba) Importer(815301076,1909f56bfc062723c751e8b465ee728b)  -> (artifact id: 'd142331476ff01457e56926918267d3c') in 0.050321 seconds 
========================================================================
Received Import Request.
  Time since last request: 0.001448 seconds.
  path: Assets/Sprites/3_Maparillo/Maparillo_Virus_Final.png
  artifactKey: Guid(fc1070af6ba864d6aaa26e10ab09e75a) Importer(815301076,1909f56bfc062723c751e8b465ee728b)
Start importing Assets/Sprites/3_Maparillo/Maparillo_Virus_Final.png using Guid(fc1070af6ba864d6aaa26e10ab09e75a) Importer(815301076,1909f56bfc062723c751e8b465ee728b)  -> (artifact id: 'c0282dddb79b74fd5dd2772a3ee18586') in 0.042391 seconds 
========================================================================
Received Import Request.
  Time since last request: 166.371982 seconds.
  path: ProjectSettings/TagManager.asset
  artifactKey: Guid(00000000000000003000000000000000) Importer(815301076,1909f56bfc062723c751e8b465ee728b)
Start importing ProjectSettings/TagManager.asset using Guid(00000000000000003000000000000000) Importer(815301076,1909f56bfc062723c751e8b465ee728b)  -> (artifact id: '95df672b4aaba54310d34c83eef51bb8') in 1.581970 seconds 
